<?xml version="1.0" encoding="UTF-8"?>
<coverage generated="1716830707078" clover="3.2.0">
  <project timestamp="1716830707079" name="All files">
    <metrics statements="92" coveredstatements="72" conditionals="10" coveredconditionals="4" methods="23" coveredmethods="19" elements="125" coveredelements="95" complexity="0" loc="92" ncloc="92" packages="1" files="7" classes="7"/>
    <file name="Button.js" path="D:\Python prjcts\web_backend\web-react-start\src\components\Button.js">
      <metrics statements="2" coveredstatements="2" conditionals="0" coveredconditionals="0" methods="1" coveredmethods="1"/>
      <line num="4" count="1" type="stmt"/>
      <line num="5" count="2" type="stmt"/>
    </file>
    <file name="Edit_form.jsx" path="D:\Python prjcts\web_backend\web-react-start\src\components\Edit_form.jsx">
      <metrics statements="42" coveredstatements="23" conditionals="8" coveredconditionals="3" methods="9" coveredmethods="5"/>
      <line num="7" count="1" type="stmt"/>
      <line num="8" count="4" type="stmt"/>
      <line num="9" count="3" type="stmt"/>
      <line num="10" count="3" type="stmt"/>
      <line num="11" count="3" type="stmt"/>
      <line num="17" count="3" type="stmt"/>
      <line num="19" count="3" type="stmt"/>
      <line num="20" count="3" type="stmt"/>
      <line num="21" count="3" type="stmt"/>
      <line num="22" count="3" type="stmt"/>
      <line num="23" count="3" type="stmt"/>
      <line num="28" count="3" type="stmt"/>
      <line num="31" count="3" type="stmt"/>
      <line num="32" count="3" type="stmt"/>
      <line num="33" count="3" type="stmt"/>
      <line num="34" count="3" type="stmt"/>
      <line num="37" count="3" type="stmt"/>
      <line num="38" count="1" type="stmt"/>
      <line num="48" count="3" type="stmt"/>
      <line num="51" count="3" type="stmt"/>
      <line num="52" count="0" type="stmt"/>
      <line num="55" count="3" type="stmt"/>
      <line num="56" count="0" type="stmt"/>
      <line num="59" count="0" type="stmt"/>
      <line num="60" count="0" type="stmt"/>
      <line num="62" count="0" type="cond" truecount="0" falsecount="2"/>
      <line num="63" count="0" type="stmt"/>
      <line num="64" count="0" type="stmt"/>
      <line num="67" count="0" type="cond" truecount="0" falsecount="2"/>
      <line num="69" count="0" type="stmt"/>
      <line num="76" count="0" type="stmt"/>
      <line num="77" count="0" type="stmt"/>
      <line num="81" count="0" type="stmt"/>
      <line num="82" count="0" type="stmt"/>
      <line num="83" count="0" type="stmt"/>
      <line num="84" count="0" type="stmt"/>
      <line num="86" count="0" type="stmt"/>
      <line num="87" count="0" type="stmt"/>
      <line num="91" count="3" type="cond" truecount="1" falsecount="1"/>
      <line num="92" count="3" type="stmt"/>
      <line num="95" count="0" type="stmt"/>
      <line num="154" count="0" type="stmt"/>
    </file>
    <file name="GlobalFooter.jsx" path="D:\Python prjcts\web_backend\web-react-start\src\components\GlobalFooter.jsx">
      <metrics statements="2" coveredstatements="2" conditionals="0" coveredconditionals="0" methods="1" coveredmethods="1"/>
      <line num="3" count="3" type="stmt"/>
      <line num="4" count="2" type="stmt"/>
    </file>
    <file name="GlobalHeader.jsx" path="D:\Python prjcts\web_backend\web-react-start\src\components\GlobalHeader.jsx">
      <metrics statements="2" coveredstatements="2" conditionals="0" coveredconditionals="0" methods="1" coveredmethods="1"/>
      <line num="5" count="3" type="stmt"/>
      <line num="6" count="2" type="stmt"/>
    </file>
    <file name="LoginForm.jsx" path="D:\Python prjcts\web_backend\web-react-start\src\components\LoginForm.jsx">
      <metrics statements="21" coveredstatements="20" conditionals="2" coveredconditionals="1" methods="4" coveredmethods="4"/>
      <line num="8" count="2" type="stmt"/>
      <line num="9" count="10" type="stmt"/>
      <line num="10" count="10" type="stmt"/>
      <line num="11" count="10" type="stmt"/>
      <line num="13" count="10" type="stmt"/>
      <line num="14" count="2" type="stmt"/>
      <line num="17" count="10" type="stmt"/>
      <line num="18" count="2" type="stmt"/>
      <line num="21" count="10" type="stmt"/>
      <line num="22" count="2" type="stmt"/>
      <line num="24" count="2" type="stmt"/>
      <line num="25" count="2" type="stmt"/>
      <line num="33" count="1" type="cond" truecount="1" falsecount="1"/>
      <line num="34" count="1" type="stmt"/>
      <line num="35" count="1" type="stmt"/>
      <line num="36" count="1" type="stmt"/>
      <line num="38" count="1" type="stmt"/>
      <line num="40" count="0" type="stmt"/>
      <line num="47" count="2" type="stmt"/>
      <line num="48" count="2" type="stmt"/>
      <line num="51" count="10" type="stmt"/>
    </file>
    <file name="LoginPage.jsx" path="D:\Python prjcts\web_backend\web-react-start\src\components\LoginPage.jsx">
      <metrics statements="2" coveredstatements="2" conditionals="0" coveredconditionals="0" methods="1" coveredmethods="1"/>
      <line num="7" count="1" type="stmt"/>
      <line num="8" count="1" type="stmt"/>
    </file>
    <file name="Register_form.jsx" path="D:\Python prjcts\web_backend\web-react-start\src\components\Register_form.jsx">
      <metrics statements="21" coveredstatements="21" conditionals="0" coveredconditionals="0" methods="6" coveredmethods="6"/>
      <line num="6" count="1" type="stmt"/>
      <line num="7" count="15" type="stmt"/>
      <line num="8" count="15" type="stmt"/>
      <line num="17" count="17" type="stmt"/>
      <line num="22" count="15" type="stmt"/>
      <line num="23" count="10" type="stmt"/>
      <line num="26" count="15" type="stmt"/>
      <line num="27" count="2" type="stmt"/>
      <line num="29" count="2" type="stmt"/>
      <line num="38" count="2" type="stmt"/>
      <line num="39" count="2" type="stmt"/>
      <line num="40" count="2" type="stmt"/>
      <line num="44" count="1" type="stmt"/>
      <line num="45" count="1" type="stmt"/>
      <line num="46" count="1" type="stmt"/>
      <line num="48" count="1" type="stmt"/>
      <line num="51" count="15" type="stmt"/>
      <line num="53" count="15" type="stmt"/>
      <line num="54" count="2" type="stmt"/>
      <line num="56" count="15" type="stmt"/>
      <line num="116" count="30" type="stmt"/>
    </file>
  </project>
</coverage>
