<?xml version="1.0" encoding="UTF-8"?>
<coverage generated="1716982718486" clover="3.2.0">
  <project timestamp="1716982718486" name="All files">
    <metrics statements="99" coveredstatements="98" conditionals="30" coveredconditionals="24" methods="29" coveredmethods="29" elements="158" coveredelements="151" complexity="0" loc="99" ncloc="99" packages="1" files="7" classes="7"/>
    <file name="Button.js" path="D:\Python prjcts\web_backend\web-react-start\src\components\Button.js">
      <metrics statements="2" coveredstatements="2" conditionals="0" coveredconditionals="0" methods="1" coveredmethods="1"/>
      <line num="4" count="1" type="stmt"/>
      <line num="5" count="2" type="stmt"/>
    </file>
    <file name="GlobalFooter.jsx" path="D:\Python prjcts\web_backend\web-react-start\src\components\GlobalFooter.jsx">
      <metrics statements="2" coveredstatements="2" conditionals="0" coveredconditionals="0" methods="1" coveredmethods="1"/>
      <line num="3" count="2" type="stmt"/>
      <line num="4" count="2" type="stmt"/>
    </file>
    <file name="GlobalHeader.jsx" path="D:\Python prjcts\web_backend\web-react-start\src\components\GlobalHeader.jsx">
      <metrics statements="2" coveredstatements="2" conditionals="0" coveredconditionals="0" methods="1" coveredmethods="1"/>
      <line num="5" count="2" type="stmt"/>
      <line num="6" count="2" type="stmt"/>
    </file>
    <file name="LoginForm.jsx" path="D:\Python prjcts\web_backend\web-react-start\src\components\LoginForm.jsx">
      <metrics statements="21" coveredstatements="20" conditionals="2" coveredconditionals="1" methods="4" coveredmethods="4"/>
      <line num="8" count="2" type="stmt"/>
      <line num="9" count="10" type="stmt"/>
      <line num="10" count="10" type="stmt"/>
      <line num="11" count="10" type="stmt"/>
      <line num="13" count="10" type="stmt"/>
      <line num="14" count="2" type="stmt"/>
      <line num="17" count="10" type="stmt"/>
      <line num="18" count="2" type="stmt"/>
      <line num="21" count="10" type="stmt"/>
      <line num="22" count="2" type="stmt"/>
      <line num="24" count="2" type="stmt"/>
      <line num="25" count="2" type="stmt"/>
      <line num="33" count="1" type="cond" truecount="1" falsecount="1"/>
      <line num="34" count="1" type="stmt"/>
      <line num="35" count="1" type="stmt"/>
      <line num="36" count="1" type="stmt"/>
      <line num="38" count="1" type="stmt"/>
      <line num="40" count="0" type="stmt"/>
      <line num="46" count="2" type="stmt"/>
      <line num="47" count="2" type="stmt"/>
      <line num="50" count="10" type="stmt"/>
    </file>
    <file name="LoginPage.jsx" path="D:\Python prjcts\web_backend\web-react-start\src\components\LoginPage.jsx">
      <metrics statements="2" coveredstatements="2" conditionals="0" coveredconditionals="0" methods="1" coveredmethods="1"/>
      <line num="7" count="1" type="stmt"/>
      <line num="8" count="1" type="stmt"/>
    </file>
    <file name="Register_form.jsx" path="D:\Python prjcts\web_backend\web-react-start\src\components\Register_form.jsx">
      <metrics statements="21" coveredstatements="21" conditionals="0" coveredconditionals="0" methods="6" coveredmethods="6"/>
      <line num="6" count="1" type="stmt"/>
      <line num="7" count="15" type="stmt"/>
      <line num="8" count="15" type="stmt"/>
      <line num="17" count="17" type="stmt"/>
      <line num="22" count="15" type="stmt"/>
      <line num="23" count="10" type="stmt"/>
      <line num="26" count="15" type="stmt"/>
      <line num="27" count="2" type="stmt"/>
      <line num="29" count="2" type="stmt"/>
      <line num="38" count="2" type="stmt"/>
      <line num="39" count="2" type="stmt"/>
      <line num="40" count="2" type="stmt"/>
      <line num="44" count="1" type="stmt"/>
      <line num="45" count="1" type="stmt"/>
      <line num="46" count="1" type="stmt"/>
      <line num="48" count="1" type="stmt"/>
      <line num="51" count="15" type="stmt"/>
      <line num="53" count="15" type="stmt"/>
      <line num="54" count="2" type="stmt"/>
      <line num="56" count="15" type="stmt"/>
      <line num="116" count="30" type="stmt"/>
    </file>
    <file name="Stat_info.jsx" path="D:\Python prjcts\web_backend\web-react-start\src\components\Stat_info.jsx">
      <metrics statements="49" coveredstatements="49" conditionals="28" coveredconditionals="23" methods="15" coveredmethods="15"/>
      <line num="5" count="1" type="stmt"/>
      <line num="6" count="4" type="stmt"/>
      <line num="7" count="4" type="stmt"/>
      <line num="8" count="4" type="stmt"/>
      <line num="11" count="4" type="stmt"/>
      <line num="12" count="3" type="stmt"/>
      <line num="13" count="3" type="stmt"/>
      <line num="14" count="1" type="stmt"/>
      <line num="16" count="1" type="stmt"/>
      <line num="21" count="4" type="stmt"/>
      <line num="22" count="3" type="stmt"/>
      <line num="23" count="3" type="stmt"/>
      <line num="24" count="3" type="stmt"/>
      <line num="26" count="2" type="stmt"/>
      <line num="31" count="4" type="stmt"/>
      <line num="32" count="3" type="stmt"/>
      <line num="33" count="3" type="stmt"/>
      <line num="34" count="3" type="stmt"/>
      <line num="39" count="4" type="stmt"/>
      <line num="40" count="3" type="stmt"/>
      <line num="41" count="3" type="stmt"/>
      <line num="42" count="3" type="stmt"/>
      <line num="46" count="4" type="stmt"/>
      <line num="47" count="4" type="stmt"/>
      <line num="48" count="4" type="stmt"/>
      <line num="49" count="2" type="stmt"/>
      <line num="52" count="4" type="stmt"/>
      <line num="53" count="1" type="stmt"/>
      <line num="54" count="2" type="cond" truecount="1" falsecount="1"/>
      <line num="55" count="2" type="stmt"/>
      <line num="60" count="4" type="stmt"/>
      <line num="63" count="4" type="stmt"/>
      <line num="65" count="4" type="stmt"/>
      <line num="66" count="2" type="cond" truecount="4" falsecount="0"/>
      <line num="67" count="4" type="stmt"/>
      <line num="68" count="2" type="cond" truecount="4" falsecount="0"/>
      <line num="70" count="4" type="stmt"/>
      <line num="71" count="4" type="stmt"/>
      <line num="72" count="4" type="stmt"/>
      <line num="73" count="2" type="cond" truecount="2" falsecount="0"/>
      <line num="74" count="1" type="stmt"/>
      <line num="76" count="1" type="stmt"/>
      <line num="79" count="4" type="stmt"/>
      <line num="82" count="4" type="stmt"/>
      <line num="85" count="4" type="stmt"/>
      <line num="86" count="2" type="cond" truecount="2" falsecount="2"/>
      <line num="87" count="4" type="stmt"/>
      <line num="88" count="2" type="cond" truecount="2" falsecount="2"/>
      <line num="90" count="4" type="stmt"/>
    </file>
  </project>
</coverage>
