{"D:\\Python prjcts\\web_backend\\web-react-start\\src\\components\\Button.js": {"path":"D:\\Python prjcts\\web_backend\\web-react-start\\src\\components\\Button.js","statementMap":{"0":{"start":{"line":4,"column":15},"end":{"line":8,"column":1}},"1":{"start":{"line":5,"column":2},"end":{"line":7,"column":11}}},"fnMap":{"0":{"name":"(anonymous_0)","decl":{"start":{"line":4,"column":15},"end":{"line":4,"column":16}},"loc":{"start":{"line":5,"column":2},"end":{"line":7,"column":11}},"line":5}},"branchMap":{},"s":{"0":1,"1":2},"f":{"0":2},"b":{},"_coverageSchema":"1a1c01bbd47fc00a2c39e90264f33305004495a9","hash":"bae24ded73cbba46aff1f370c7d000319258e90e"}
,"D:\\Python prjcts\\web_backend\\web-react-start\\src\\components\\Edit_form.jsx": {"path":"D:\\Python prjcts\\web_backend\\web-react-start\\src\\components\\Edit_form.jsx","statementMap":{"0":{"start":{"line":7,"column":20},"end":{"line":181,"column":1}},"1":{"start":{"line":8,"column":19},"end":{"line":8,"column":32}},"2":{"start":{"line":9,"column":24},"end":{"line":9,"column":56}},"3":{"start":{"line":10,"column":34},"end":{"line":10,"column":48}},"4":{"start":{"line":11,"column":34},"end":{"line":16,"column":4}},"5":{"start":{"line":17,"column":30},"end":{"line":17,"column":42}},"6":{"start":{"line":19,"column":2},"end":{"line":29,"column":9}},"7":{"start":{"line":20,"column":24},"end":{"line":27,"column":5}},"8":{"start":{"line":21,"column":6},"end":{"line":26,"column":7}},"9":{"start":{"line":22,"column":25},"end":{"line":22,"column":77}},"10":{"start":{"line":23,"column":8},"end":{"line":23,"column":33}},"11":{"start":{"line":28,"column":4},"end":{"line":28,"column":18}},"12":{"start":{"line":31,"column":2},"end":{"line":49,"column":22}},"13":{"start":{"line":32,"column":26},"end":{"line":47,"column":5}},"14":{"start":{"line":33,"column":6},"end":{"line":46,"column":7}},"15":{"start":{"line":34,"column":25},"end":{"line":36,"column":9}},"16":{"start":{"line":37,"column":8},"end":{"line":37,"column":35}},"17":{"start":{"line":38,"column":8},"end":{"line":43,"column":11}},"18":{"start":{"line":48,"column":4},"end":{"line":48,"column":20}},"19":{"start":{"line":51,"column":23},"end":{"line":53,"column":3}},"20":{"start":{"line":52,"column":4},"end":{"line":52,"column":64}},"21":{"start":{"line":55,"column":23},"end":{"line":89,"column":3}},"22":{"start":{"line":56,"column":4},"end":{"line":56,"column":23}},"23":{"start":{"line":59,"column":25},"end":{"line":61,"column":5}},"24":{"start":{"line":60,"column":16},"end":{"line":60,"column":51}},"25":{"start":{"line":62,"column":4},"end":{"line":65,"column":5}},"26":{"start":{"line":63,"column":6},"end":{"line":63,"column":42}},"27":{"start":{"line":64,"column":6},"end":{"line":64,"column":13}},"28":{"start":{"line":67,"column":19},"end":{"line":67,"column":56}},"29":{"start":{"line":69,"column":28},"end":{"line":74,"column":5}},"30":{"start":{"line":76,"column":4},"end":{"line":88,"column":5}},"31":{"start":{"line":77,"column":23},"end":{"line":80,"column":7}},"32":{"start":{"line":81,"column":6},"end":{"line":81,"column":63}},"33":{"start":{"line":82,"column":6},"end":{"line":82,"column":41}},"34":{"start":{"line":83,"column":6},"end":{"line":83,"column":65}},"35":{"start":{"line":84,"column":6},"end":{"line":84,"column":27}},"36":{"start":{"line":86,"column":6},"end":{"line":86,"column":51}},"37":{"start":{"line":87,"column":6},"end":{"line":87,"column":77}},"38":{"start":{"line":91,"column":2},"end":{"line":93,"column":3}},"39":{"start":{"line":92,"column":4},"end":{"line":92,"column":38}},"40":{"start":{"line":95,"column":2},"end":{"line":180,"column":4}},"41":{"start":{"line":154,"column":32},"end":{"line":156,"column":41}}},"fnMap":{"0":{"name":"(anonymous_0)","decl":{"start":{"line":7,"column":20},"end":{"line":7,"column":21}},"loc":{"start":{"line":7,"column":26},"end":{"line":181,"column":1}},"line":7},"1":{"name":"(anonymous_1)","decl":{"start":{"line":19,"column":12},"end":{"line":19,"column":13}},"loc":{"start":{"line":19,"column":18},"end":{"line":29,"column":3}},"line":19},"2":{"name":"(anonymous_2)","decl":{"start":{"line":20,"column":24},"end":{"line":20,"column":25}},"loc":{"start":{"line":20,"column":36},"end":{"line":27,"column":5}},"line":20},"3":{"name":"(anonymous_3)","decl":{"start":{"line":31,"column":12},"end":{"line":31,"column":13}},"loc":{"start":{"line":31,"column":18},"end":{"line":49,"column":3}},"line":31},"4":{"name":"(anonymous_4)","decl":{"start":{"line":32,"column":26},"end":{"line":32,"column":27}},"loc":{"start":{"line":32,"column":38},"end":{"line":47,"column":5}},"line":32},"5":{"name":"(anonymous_5)","decl":{"start":{"line":51,"column":23},"end":{"line":51,"column":24}},"loc":{"start":{"line":51,"column":30},"end":{"line":53,"column":3}},"line":51},"6":{"name":"(anonymous_6)","decl":{"start":{"line":55,"column":23},"end":{"line":55,"column":24}},"loc":{"start":{"line":55,"column":36},"end":{"line":89,"column":3}},"line":55},"7":{"name":"(anonymous_7)","decl":{"start":{"line":60,"column":6},"end":{"line":60,"column":7}},"loc":{"start":{"line":60,"column":16},"end":{"line":60,"column":51}},"line":60},"8":{"name":"(anonymous_8)","decl":{"start":{"line":153,"column":42},"end":{"line":153,"column":43}},"loc":{"start":{"line":154,"column":32},"end":{"line":156,"column":41}},"line":154}},"branchMap":{"0":{"loc":{"start":{"line":42,"column":16},"end":{"line":42,"column":40}},"type":"binary-expr","locations":[{"start":{"line":42,"column":16},"end":{"line":42,"column":34}},{"start":{"line":42,"column":38},"end":{"line":42,"column":40}}],"line":42},"1":{"loc":{"start":{"line":62,"column":4},"end":{"line":65,"column":5}},"type":"if","locations":[{"start":{"line":62,"column":4},"end":{"line":65,"column":5}},{"start":{},"end":{}}],"line":62},"2":{"loc":{"start":{"line":67,"column":19},"end":{"line":67,"column":56}},"type":"cond-expr","locations":[{"start":{"line":67,"column":34},"end":{"line":67,"column":49}},{"start":{"line":67,"column":52},"end":{"line":67,"column":56}}],"line":67},"3":{"loc":{"start":{"line":91,"column":2},"end":{"line":93,"column":3}},"type":"if","locations":[{"start":{"line":91,"column":2},"end":{"line":93,"column":3}},{"start":{},"end":{}}],"line":91}},"s":{"0":1,"1":4,"2":3,"3":3,"4":3,"5":3,"6":3,"7":3,"8":3,"9":3,"10":3,"11":3,"12":3,"13":3,"14":3,"15":3,"16":3,"17":1,"18":3,"19":3,"20":0,"21":3,"22":0,"23":0,"24":0,"25":0,"26":0,"27":0,"28":0,"29":0,"30":0,"31":0,"32":0,"33":0,"34":0,"35":0,"36":0,"37":0,"38":3,"39":3,"40":0,"41":0},"f":{"0":4,"1":3,"2":3,"3":3,"4":3,"5":0,"6":0,"7":0,"8":0},"b":{"0":[1,1],"1":[0,0],"2":[0,0],"3":[3,0]},"_coverageSchema":"1a1c01bbd47fc00a2c39e90264f33305004495a9","hash":"028a6ae6a33f35a6897b1f4c612fe6e6a8891637"}
,"D:\\Python prjcts\\web_backend\\web-react-start\\src\\components\\GlobalFooter.jsx": {"path":"D:\\Python prjcts\\web_backend\\web-react-start\\src\\components\\GlobalFooter.jsx","statementMap":{"0":{"start":{"line":3,"column":21},"end":{"line":11,"column":1}},"1":{"start":{"line":4,"column":2},"end":{"line":10,"column":3}}},"fnMap":{"0":{"name":"(anonymous_0)","decl":{"start":{"line":3,"column":21},"end":{"line":3,"column":22}},"loc":{"start":{"line":3,"column":27},"end":{"line":11,"column":1}},"line":3}},"branchMap":{},"s":{"0":3,"1":2},"f":{"0":2},"b":{},"_coverageSchema":"1a1c01bbd47fc00a2c39e90264f33305004495a9","hash":"0d6e06958405585966891f3d0b8b188f40280d91"}
,"D:\\Python prjcts\\web_backend\\web-react-start\\src\\components\\GlobalHeader.jsx": {"path":"D:\\Python prjcts\\web_backend\\web-react-start\\src\\components\\GlobalHeader.jsx","statementMap":{"0":{"start":{"line":5,"column":21},"end":{"line":16,"column":1}},"1":{"start":{"line":6,"column":2},"end":{"line":15,"column":3}}},"fnMap":{"0":{"name":"(anonymous_0)","decl":{"start":{"line":5,"column":21},"end":{"line":5,"column":22}},"loc":{"start":{"line":5,"column":27},"end":{"line":16,"column":1}},"line":5}},"branchMap":{},"s":{"0":3,"1":2},"f":{"0":2},"b":{},"_coverageSchema":"1a1c01bbd47fc00a2c39e90264f33305004495a9","hash":"fcbd0eed1b91bf39e6cb820a364d14d363abc35a"}
,"D:\\Python prjcts\\web_backend\\web-react-start\\src\\components\\LoginForm.jsx": {"path":"D:\\Python prjcts\\web_backend\\web-react-start\\src\\components\\LoginForm.jsx","statementMap":{"0":{"start":{"line":8,"column":18},"end":{"line":130,"column":1}},"1":{"start":{"line":9,"column":34},"end":{"line":9,"column":46}},"2":{"start":{"line":10,"column":34},"end":{"line":10,"column":46}},"3":{"start":{"line":11,"column":19},"end":{"line":11,"column":32}},"4":{"start":{"line":13,"column":31},"end":{"line":15,"column":3}},"5":{"start":{"line":14,"column":4},"end":{"line":14,"column":32}},"6":{"start":{"line":17,"column":31},"end":{"line":19,"column":3}},"7":{"start":{"line":18,"column":4},"end":{"line":18,"column":32}},"8":{"start":{"line":21,"column":23},"end":{"line":49,"column":3}},"9":{"start":{"line":22,"column":4},"end":{"line":22,"column":23}},"10":{"start":{"line":24,"column":4},"end":{"line":43,"column":5}},"11":{"start":{"line":25,"column":23},"end":{"line":31,"column":7}},"12":{"start":{"line":33,"column":6},"end":{"line":41,"column":7}},"13":{"start":{"line":34,"column":8},"end":{"line":34,"column":43}},"14":{"start":{"line":35,"column":8},"end":{"line":35,"column":51}},"15":{"start":{"line":36,"column":8},"end":{"line":36,"column":51}},"16":{"start":{"line":38,"column":8},"end":{"line":38,"column":26}},"17":{"start":{"line":40,"column":8},"end":{"line":40,"column":45}},"18":{"start":{"line":47,"column":4},"end":{"line":47,"column":20}},"19":{"start":{"line":48,"column":4},"end":{"line":48,"column":20}},"20":{"start":{"line":51,"column":2},"end":{"line":129,"column":4}}},"fnMap":{"0":{"name":"(anonymous_0)","decl":{"start":{"line":8,"column":18},"end":{"line":8,"column":19}},"loc":{"start":{"line":8,"column":24},"end":{"line":130,"column":1}},"line":8},"1":{"name":"(anonymous_1)","decl":{"start":{"line":13,"column":31},"end":{"line":13,"column":32}},"loc":{"start":{"line":13,"column":38},"end":{"line":15,"column":3}},"line":13},"2":{"name":"(anonymous_2)","decl":{"start":{"line":17,"column":31},"end":{"line":17,"column":32}},"loc":{"start":{"line":17,"column":38},"end":{"line":19,"column":3}},"line":17},"3":{"name":"(anonymous_3)","decl":{"start":{"line":21,"column":23},"end":{"line":21,"column":24}},"loc":{"start":{"line":21,"column":36},"end":{"line":49,"column":3}},"line":21}},"branchMap":{"0":{"loc":{"start":{"line":33,"column":6},"end":{"line":41,"column":7}},"type":"if","locations":[{"start":{"line":33,"column":6},"end":{"line":41,"column":7}},{"start":{"line":39,"column":13},"end":{"line":41,"column":7}}],"line":33}},"s":{"0":2,"1":10,"2":10,"3":10,"4":10,"5":2,"6":10,"7":2,"8":10,"9":2,"10":2,"11":2,"12":1,"13":1,"14":1,"15":1,"16":1,"17":0,"18":2,"19":2,"20":10},"f":{"0":10,"1":2,"2":2,"3":2},"b":{"0":[1,0]},"_coverageSchema":"1a1c01bbd47fc00a2c39e90264f33305004495a9","hash":"cc824585c2e6a146bf2f05d9d0d56d88c3693bc3"}
,"D:\\Python prjcts\\web_backend\\web-react-start\\src\\components\\LoginPage.jsx": {"path":"D:\\Python prjcts\\web_backend\\web-react-start\\src\\components\\LoginPage.jsx","statementMap":{"0":{"start":{"line":7,"column":18},"end":{"line":15,"column":1}},"1":{"start":{"line":8,"column":2},"end":{"line":14,"column":3}}},"fnMap":{"0":{"name":"(anonymous_0)","decl":{"start":{"line":7,"column":18},"end":{"line":7,"column":19}},"loc":{"start":{"line":7,"column":24},"end":{"line":15,"column":1}},"line":7}},"branchMap":{},"s":{"0":1,"1":1},"f":{"0":1},"b":{},"_coverageSchema":"1a1c01bbd47fc00a2c39e90264f33305004495a9","hash":"67a1363d078403dab87fb1fea2e1ef65e3a850d9"}
,"D:\\Python prjcts\\web_backend\\web-react-start\\src\\components\\Register_form.jsx": {"path":"D:\\Python prjcts\\web_backend\\web-react-start\\src\\components\\Register_form.jsx","statementMap":{"0":{"start":{"line":6,"column":22},"end":{"line":179,"column":1}},"1":{"start":{"line":7,"column":19},"end":{"line":7,"column":32}},"2":{"start":{"line":8,"column":34},"end":{"line":15,"column":4}},"3":{"start":{"line":17,"column":23},"end":{"line":20,"column":4}},"4":{"start":{"line":17,"column":30},"end":{"line":20,"column":3}},"5":{"start":{"line":22,"column":23},"end":{"line":24,"column":3}},"6":{"start":{"line":23,"column":4},"end":{"line":23,"column":64}},"7":{"start":{"line":26,"column":23},"end":{"line":50,"column":3}},"8":{"start":{"line":27,"column":4},"end":{"line":27,"column":23}},"9":{"start":{"line":29,"column":21},"end":{"line":36,"column":5}},"10":{"start":{"line":38,"column":4},"end":{"line":49,"column":5}},"11":{"start":{"line":39,"column":6},"end":{"line":39,"column":28}},"12":{"start":{"line":40,"column":23},"end":{"line":43,"column":7}},"13":{"start":{"line":44,"column":6},"end":{"line":44,"column":66}},"14":{"start":{"line":45,"column":6},"end":{"line":45,"column":45}},"15":{"start":{"line":46,"column":6},"end":{"line":46,"column":25}},"16":{"start":{"line":48,"column":6},"end":{"line":48,"column":80}},"17":{"start":{"line":51,"column":17},"end":{"line":51,"column":44}},"18":{"start":{"line":53,"column":27},"end":{"line":55,"column":3}},"19":{"start":{"line":54,"column":4},"end":{"line":54,"column":55}},"20":{"start":{"line":56,"column":2},"end":{"line":178,"column":4}},"21":{"start":{"line":116,"column":30},"end":{"line":118,"column":39}}},"fnMap":{"0":{"name":"(anonymous_0)","decl":{"start":{"line":6,"column":22},"end":{"line":6,"column":23}},"loc":{"start":{"line":6,"column":28},"end":{"line":179,"column":1}},"line":6},"1":{"name":"(anonymous_1)","decl":{"start":{"line":17,"column":23},"end":{"line":17,"column":24}},"loc":{"start":{"line":17,"column":30},"end":{"line":20,"column":3}},"line":17},"2":{"name":"(anonymous_2)","decl":{"start":{"line":22,"column":23},"end":{"line":22,"column":24}},"loc":{"start":{"line":22,"column":30},"end":{"line":24,"column":3}},"line":22},"3":{"name":"(anonymous_3)","decl":{"start":{"line":26,"column":23},"end":{"line":26,"column":24}},"loc":{"start":{"line":26,"column":36},"end":{"line":50,"column":3}},"line":26},"4":{"name":"(anonymous_4)","decl":{"start":{"line":53,"column":27},"end":{"line":53,"column":28}},"loc":{"start":{"line":53,"column":34},"end":{"line":55,"column":3}},"line":53},"5":{"name":"(anonymous_5)","decl":{"start":{"line":115,"column":40},"end":{"line":115,"column":41}},"loc":{"start":{"line":116,"column":30},"end":{"line":118,"column":39}},"line":116}},"branchMap":{},"s":{"0":1,"1":15,"2":15,"3":15,"4":17,"5":15,"6":10,"7":15,"8":2,"9":2,"10":2,"11":2,"12":2,"13":1,"14":1,"15":1,"16":1,"17":15,"18":15,"19":2,"20":15,"21":30},"f":{"0":15,"1":17,"2":10,"3":2,"4":2,"5":30},"b":{},"_coverageSchema":"1a1c01bbd47fc00a2c39e90264f33305004495a9","hash":"c09127dbb261fed3b72729a6e94c679971b3c912"}
}
