{"D:\\Python prjcts\\web_backend\\web-react-start\\src\\components\\Button.js": {"path":"D:\\Python prjcts\\web_backend\\web-react-start\\src\\components\\Button.js","statementMap":{"0":{"start":{"line":4,"column":15},"end":{"line":8,"column":1}},"1":{"start":{"line":5,"column":2},"end":{"line":7,"column":11}}},"fnMap":{"0":{"name":"(anonymous_0)","decl":{"start":{"line":4,"column":15},"end":{"line":4,"column":16}},"loc":{"start":{"line":5,"column":2},"end":{"line":7,"column":11}},"line":5}},"branchMap":{},"s":{"0":1,"1":2},"f":{"0":2},"b":{},"_coverageSchema":"1a1c01bbd47fc00a2c39e90264f33305004495a9","hash":"bae24ded73cbba46aff1f370c7d000319258e90e"}
,"D:\\Python prjcts\\web_backend\\web-react-start\\src\\components\\GlobalFooter.jsx": {"path":"D:\\Python prjcts\\web_backend\\web-react-start\\src\\components\\GlobalFooter.jsx","statementMap":{"0":{"start":{"line":3,"column":21},"end":{"line":11,"column":1}},"1":{"start":{"line":4,"column":2},"end":{"line":10,"column":3}}},"fnMap":{"0":{"name":"(anonymous_0)","decl":{"start":{"line":3,"column":21},"end":{"line":3,"column":22}},"loc":{"start":{"line":3,"column":27},"end":{"line":11,"column":1}},"line":3}},"branchMap":{},"s":{"0":2,"1":2},"f":{"0":2},"b":{},"_coverageSchema":"1a1c01bbd47fc00a2c39e90264f33305004495a9","hash":"0d6e06958405585966891f3d0b8b188f40280d91"}
,"D:\\Python prjcts\\web_backend\\web-react-start\\src\\components\\GlobalHeader.jsx": {"path":"D:\\Python prjcts\\web_backend\\web-react-start\\src\\components\\GlobalHeader.jsx","statementMap":{"0":{"start":{"line":5,"column":21},"end":{"line":17,"column":1}},"1":{"start":{"line":6,"column":2},"end":{"line":16,"column":3}}},"fnMap":{"0":{"name":"(anonymous_0)","decl":{"start":{"line":5,"column":21},"end":{"line":5,"column":22}},"loc":{"start":{"line":5,"column":27},"end":{"line":17,"column":1}},"line":5}},"branchMap":{},"s":{"0":2,"1":2},"f":{"0":2},"b":{},"_coverageSchema":"1a1c01bbd47fc00a2c39e90264f33305004495a9","hash":"937ecae38da1a476c385797f1256bab78143263f"}
,"D:\\Python prjcts\\web_backend\\web-react-start\\src\\components\\LoginForm.jsx": {"path":"D:\\Python prjcts\\web_backend\\web-react-start\\src\\components\\LoginForm.jsx","statementMap":{"0":{"start":{"line":8,"column":18},"end":{"line":129,"column":1}},"1":{"start":{"line":9,"column":34},"end":{"line":9,"column":46}},"2":{"start":{"line":10,"column":34},"end":{"line":10,"column":46}},"3":{"start":{"line":11,"column":19},"end":{"line":11,"column":32}},"4":{"start":{"line":13,"column":31},"end":{"line":15,"column":3}},"5":{"start":{"line":14,"column":4},"end":{"line":14,"column":32}},"6":{"start":{"line":17,"column":31},"end":{"line":19,"column":3}},"7":{"start":{"line":18,"column":4},"end":{"line":18,"column":32}},"8":{"start":{"line":21,"column":23},"end":{"line":48,"column":3}},"9":{"start":{"line":22,"column":4},"end":{"line":22,"column":23}},"10":{"start":{"line":24,"column":4},"end":{"line":43,"column":5}},"11":{"start":{"line":25,"column":23},"end":{"line":31,"column":7}},"12":{"start":{"line":33,"column":6},"end":{"line":41,"column":7}},"13":{"start":{"line":34,"column":8},"end":{"line":34,"column":43}},"14":{"start":{"line":35,"column":8},"end":{"line":35,"column":51}},"15":{"start":{"line":36,"column":8},"end":{"line":36,"column":51}},"16":{"start":{"line":38,"column":8},"end":{"line":38,"column":26}},"17":{"start":{"line":40,"column":8},"end":{"line":40,"column":45}},"18":{"start":{"line":46,"column":4},"end":{"line":46,"column":20}},"19":{"start":{"line":47,"column":4},"end":{"line":47,"column":20}},"20":{"start":{"line":50,"column":2},"end":{"line":128,"column":4}}},"fnMap":{"0":{"name":"(anonymous_0)","decl":{"start":{"line":8,"column":18},"end":{"line":8,"column":19}},"loc":{"start":{"line":8,"column":24},"end":{"line":129,"column":1}},"line":8},"1":{"name":"(anonymous_1)","decl":{"start":{"line":13,"column":31},"end":{"line":13,"column":32}},"loc":{"start":{"line":13,"column":38},"end":{"line":15,"column":3}},"line":13},"2":{"name":"(anonymous_2)","decl":{"start":{"line":17,"column":31},"end":{"line":17,"column":32}},"loc":{"start":{"line":17,"column":38},"end":{"line":19,"column":3}},"line":17},"3":{"name":"(anonymous_3)","decl":{"start":{"line":21,"column":23},"end":{"line":21,"column":24}},"loc":{"start":{"line":21,"column":36},"end":{"line":48,"column":3}},"line":21}},"branchMap":{"0":{"loc":{"start":{"line":33,"column":6},"end":{"line":41,"column":7}},"type":"if","locations":[{"start":{"line":33,"column":6},"end":{"line":41,"column":7}},{"start":{"line":39,"column":13},"end":{"line":41,"column":7}}],"line":33}},"s":{"0":2,"1":10,"2":10,"3":10,"4":10,"5":2,"6":10,"7":2,"8":10,"9":2,"10":2,"11":2,"12":1,"13":1,"14":1,"15":1,"16":1,"17":0,"18":2,"19":2,"20":10},"f":{"0":10,"1":2,"2":2,"3":2},"b":{"0":[1,0]},"_coverageSchema":"1a1c01bbd47fc00a2c39e90264f33305004495a9","hash":"06c17dae4756c37bc7abfbb975a8ba188c2b7404"}
,"D:\\Python prjcts\\web_backend\\web-react-start\\src\\components\\LoginPage.jsx": {"path":"D:\\Python prjcts\\web_backend\\web-react-start\\src\\components\\LoginPage.jsx","statementMap":{"0":{"start":{"line":7,"column":18},"end":{"line":15,"column":1}},"1":{"start":{"line":8,"column":2},"end":{"line":14,"column":3}}},"fnMap":{"0":{"name":"(anonymous_0)","decl":{"start":{"line":7,"column":18},"end":{"line":7,"column":19}},"loc":{"start":{"line":7,"column":24},"end":{"line":15,"column":1}},"line":7}},"branchMap":{},"s":{"0":1,"1":1},"f":{"0":1},"b":{},"_coverageSchema":"1a1c01bbd47fc00a2c39e90264f33305004495a9","hash":"67a1363d078403dab87fb1fea2e1ef65e3a850d9"}
,"D:\\Python prjcts\\web_backend\\web-react-start\\src\\components\\Register_form.jsx": {"path":"D:\\Python prjcts\\web_backend\\web-react-start\\src\\components\\Register_form.jsx","statementMap":{"0":{"start":{"line":6,"column":22},"end":{"line":179,"column":1}},"1":{"start":{"line":7,"column":19},"end":{"line":7,"column":32}},"2":{"start":{"line":8,"column":34},"end":{"line":15,"column":4}},"3":{"start":{"line":17,"column":23},"end":{"line":20,"column":4}},"4":{"start":{"line":17,"column":30},"end":{"line":20,"column":3}},"5":{"start":{"line":22,"column":23},"end":{"line":24,"column":3}},"6":{"start":{"line":23,"column":4},"end":{"line":23,"column":64}},"7":{"start":{"line":26,"column":23},"end":{"line":50,"column":3}},"8":{"start":{"line":27,"column":4},"end":{"line":27,"column":23}},"9":{"start":{"line":29,"column":21},"end":{"line":36,"column":5}},"10":{"start":{"line":38,"column":4},"end":{"line":49,"column":5}},"11":{"start":{"line":39,"column":6},"end":{"line":39,"column":28}},"12":{"start":{"line":40,"column":23},"end":{"line":43,"column":7}},"13":{"start":{"line":44,"column":6},"end":{"line":44,"column":66}},"14":{"start":{"line":45,"column":6},"end":{"line":45,"column":45}},"15":{"start":{"line":46,"column":6},"end":{"line":46,"column":25}},"16":{"start":{"line":48,"column":6},"end":{"line":48,"column":80}},"17":{"start":{"line":51,"column":17},"end":{"line":51,"column":44}},"18":{"start":{"line":53,"column":27},"end":{"line":55,"column":3}},"19":{"start":{"line":54,"column":4},"end":{"line":54,"column":55}},"20":{"start":{"line":56,"column":2},"end":{"line":178,"column":4}},"21":{"start":{"line":116,"column":30},"end":{"line":118,"column":39}}},"fnMap":{"0":{"name":"(anonymous_0)","decl":{"start":{"line":6,"column":22},"end":{"line":6,"column":23}},"loc":{"start":{"line":6,"column":28},"end":{"line":179,"column":1}},"line":6},"1":{"name":"(anonymous_1)","decl":{"start":{"line":17,"column":23},"end":{"line":17,"column":24}},"loc":{"start":{"line":17,"column":30},"end":{"line":20,"column":3}},"line":17},"2":{"name":"(anonymous_2)","decl":{"start":{"line":22,"column":23},"end":{"line":22,"column":24}},"loc":{"start":{"line":22,"column":30},"end":{"line":24,"column":3}},"line":22},"3":{"name":"(anonymous_3)","decl":{"start":{"line":26,"column":23},"end":{"line":26,"column":24}},"loc":{"start":{"line":26,"column":36},"end":{"line":50,"column":3}},"line":26},"4":{"name":"(anonymous_4)","decl":{"start":{"line":53,"column":27},"end":{"line":53,"column":28}},"loc":{"start":{"line":53,"column":34},"end":{"line":55,"column":3}},"line":53},"5":{"name":"(anonymous_5)","decl":{"start":{"line":115,"column":40},"end":{"line":115,"column":41}},"loc":{"start":{"line":116,"column":30},"end":{"line":118,"column":39}},"line":116}},"branchMap":{},"s":{"0":1,"1":15,"2":15,"3":15,"4":17,"5":15,"6":10,"7":15,"8":2,"9":2,"10":2,"11":2,"12":2,"13":1,"14":1,"15":1,"16":1,"17":15,"18":15,"19":2,"20":15,"21":30},"f":{"0":15,"1":17,"2":10,"3":2,"4":2,"5":30},"b":{},"_coverageSchema":"1a1c01bbd47fc00a2c39e90264f33305004495a9","hash":"c09127dbb261fed3b72729a6e94c679971b3c912"}
,"D:\\Python prjcts\\web_backend\\web-react-start\\src\\components\\Stat_info.jsx": {"path":"D:\\Python prjcts\\web_backend\\web-react-start\\src\\components\\Stat_info.jsx","statementMap":{"0":{"start":{"line":5,"column":18},"end":{"line":230,"column":1}},"1":{"start":{"line":6,"column":34},"end":{"line":6,"column":46}},"2":{"start":{"line":7,"column":36},"end":{"line":7,"column":48}},"3":{"start":{"line":8,"column":34},"end":{"line":8,"column":46}},"4":{"start":{"line":11,"column":24},"end":{"line":18,"column":3}},"5":{"start":{"line":12,"column":4},"end":{"line":17,"column":5}},"6":{"start":{"line":13,"column":23},"end":{"line":13,"column":74}},"7":{"start":{"line":14,"column":6},"end":{"line":14,"column":33}},"8":{"start":{"line":16,"column":6},"end":{"line":16,"column":72}},"9":{"start":{"line":21,"column":25},"end":{"line":28,"column":3}},"10":{"start":{"line":22,"column":4},"end":{"line":27,"column":5}},"11":{"start":{"line":23,"column":23},"end":{"line":23,"column":74}},"12":{"start":{"line":24,"column":6},"end":{"line":24,"column":34}},"13":{"start":{"line":26,"column":6},"end":{"line":26,"column":66}},"14":{"start":{"line":31,"column":24},"end":{"line":37,"column":3}},"15":{"start":{"line":32,"column":4},"end":{"line":36,"column":5}},"16":{"start":{"line":33,"column":23},"end":{"line":33,"column":75}},"17":{"start":{"line":34,"column":6},"end":{"line":34,"column":33}},"18":{"start":{"line":39,"column":2},"end":{"line":43,"column":9}},"19":{"start":{"line":40,"column":4},"end":{"line":40,"column":20}},"20":{"start":{"line":41,"column":4},"end":{"line":41,"column":21}},"21":{"start":{"line":42,"column":4},"end":{"line":42,"column":20}},"22":{"start":{"line":46,"column":32},"end":{"line":61,"column":3}},"23":{"start":{"line":47,"column":27},"end":{"line":47,"column":29}},"24":{"start":{"line":48,"column":4},"end":{"line":50,"column":7}},"25":{"start":{"line":49,"column":6},"end":{"line":49,"column":34}},"26":{"start":{"line":52,"column":4},"end":{"line":58,"column":7}},"27":{"start":{"line":53,"column":6},"end":{"line":57,"column":9}},"28":{"start":{"line":54,"column":8},"end":{"line":56,"column":9}},"29":{"start":{"line":55,"column":10},"end":{"line":55,"column":35}},"30":{"start":{"line":60,"column":4},"end":{"line":60,"column":26}},"31":{"start":{"line":63,"column":25},"end":{"line":63,"column":48}},"32":{"start":{"line":65,"column":26},"end":{"line":66,"column":77}},"33":{"start":{"line":66,"column":4},"end":{"line":66,"column":72}},"34":{"start":{"line":67,"column":27},"end":{"line":68,"column":84}},"35":{"start":{"line":68,"column":4},"end":{"line":68,"column":79}},"36":{"start":{"line":70,"column":28},"end":{"line":80,"column":3}},"37":{"start":{"line":71,"column":26},"end":{"line":71,"column":28}},"38":{"start":{"line":72,"column":4},"end":{"line":78,"column":7}},"39":{"start":{"line":73,"column":6},"end":{"line":77,"column":7}},"40":{"start":{"line":74,"column":8},"end":{"line":74,"column":35}},"41":{"start":{"line":76,"column":8},"end":{"line":76,"column":37}},"42":{"start":{"line":79,"column":4},"end":{"line":79,"column":25}},"43":{"start":{"line":82,"column":25},"end":{"line":82,"column":44}},"44":{"start":{"line":85,"column":24},"end":{"line":86,"column":77}},"45":{"start":{"line":86,"column":4},"end":{"line":86,"column":72}},"46":{"start":{"line":87,"column":25},"end":{"line":88,"column":84}},"47":{"start":{"line":88,"column":4},"end":{"line":88,"column":79}},"48":{"start":{"line":90,"column":2},"end":{"line":229,"column":4}}},"fnMap":{"0":{"name":"(anonymous_0)","decl":{"start":{"line":5,"column":18},"end":{"line":5,"column":19}},"loc":{"start":{"line":5,"column":24},"end":{"line":230,"column":1}},"line":5},"1":{"name":"(anonymous_1)","decl":{"start":{"line":11,"column":24},"end":{"line":11,"column":25}},"loc":{"start":{"line":11,"column":36},"end":{"line":18,"column":3}},"line":11},"2":{"name":"(anonymous_2)","decl":{"start":{"line":21,"column":25},"end":{"line":21,"column":26}},"loc":{"start":{"line":21,"column":37},"end":{"line":28,"column":3}},"line":21},"3":{"name":"(anonymous_3)","decl":{"start":{"line":31,"column":24},"end":{"line":31,"column":25}},"loc":{"start":{"line":31,"column":36},"end":{"line":37,"column":3}},"line":31},"4":{"name":"(anonymous_4)","decl":{"start":{"line":39,"column":12},"end":{"line":39,"column":13}},"loc":{"start":{"line":39,"column":18},"end":{"line":43,"column":3}},"line":39},"5":{"name":"(anonymous_5)","decl":{"start":{"line":46,"column":32},"end":{"line":46,"column":33}},"loc":{"start":{"line":46,"column":38},"end":{"line":61,"column":3}},"line":46},"6":{"name":"(anonymous_6)","decl":{"start":{"line":48,"column":22},"end":{"line":48,"column":23}},"loc":{"start":{"line":48,"column":32},"end":{"line":50,"column":5}},"line":48},"7":{"name":"(anonymous_7)","decl":{"start":{"line":52,"column":21},"end":{"line":52,"column":22}},"loc":{"start":{"line":52,"column":31},"end":{"line":58,"column":5}},"line":52},"8":{"name":"(anonymous_8)","decl":{"start":{"line":53,"column":29},"end":{"line":53,"column":30}},"loc":{"start":{"line":53,"column":41},"end":{"line":57,"column":7}},"line":53},"9":{"name":"(anonymous_9)","decl":{"start":{"line":65,"column":43},"end":{"line":65,"column":44}},"loc":{"start":{"line":66,"column":4},"end":{"line":66,"column":72}},"line":66},"10":{"name":"(anonymous_10)","decl":{"start":{"line":67,"column":44},"end":{"line":67,"column":45}},"loc":{"start":{"line":68,"column":4},"end":{"line":68,"column":79}},"line":68},"11":{"name":"(anonymous_11)","decl":{"start":{"line":70,"column":28},"end":{"line":70,"column":29}},"loc":{"start":{"line":70,"column":34},"end":{"line":80,"column":3}},"line":70},"12":{"name":"(anonymous_12)","decl":{"start":{"line":72,"column":22},"end":{"line":72,"column":23}},"loc":{"start":{"line":72,"column":32},"end":{"line":78,"column":5}},"line":72},"13":{"name":"(anonymous_13)","decl":{"start":{"line":85,"column":40},"end":{"line":85,"column":41}},"loc":{"start":{"line":86,"column":4},"end":{"line":86,"column":72}},"line":86},"14":{"name":"(anonymous_14)","decl":{"start":{"line":87,"column":41},"end":{"line":87,"column":42}},"loc":{"start":{"line":88,"column":4},"end":{"line":88,"column":79}},"line":88}},"branchMap":{"0":{"loc":{"start":{"line":54,"column":8},"end":{"line":56,"column":9}},"type":"if","locations":[{"start":{"line":54,"column":8},"end":{"line":56,"column":9}},{"start":{},"end":{}}],"line":54},"1":{"loc":{"start":{"line":66,"column":4},"end":{"line":66,"column":72}},"type":"cond-expr","locations":[{"start":{"line":66,"column":62},"end":{"line":66,"column":66}},{"start":{"line":66,"column":69},"end":{"line":66,"column":72}}],"line":66},"2":{"loc":{"start":{"line":66,"column":31},"end":{"line":66,"column":58}},"type":"binary-expr","locations":[{"start":{"line":66,"column":31},"end":{"line":66,"column":53}},{"start":{"line":66,"column":57},"end":{"line":66,"column":58}}],"line":66},"3":{"loc":{"start":{"line":68,"column":4},"end":{"line":68,"column":79}},"type":"cond-expr","locations":[{"start":{"line":68,"column":69},"end":{"line":68,"column":73}},{"start":{"line":68,"column":76},"end":{"line":68,"column":79}}],"line":68},"4":{"loc":{"start":{"line":68,"column":31},"end":{"line":68,"column":65}},"type":"binary-expr","locations":[{"start":{"line":68,"column":31},"end":{"line":68,"column":53}},{"start":{"line":68,"column":57},"end":{"line":68,"column":65}}],"line":68},"5":{"loc":{"start":{"line":73,"column":6},"end":{"line":77,"column":7}},"type":"if","locations":[{"start":{"line":73,"column":6},"end":{"line":77,"column":7}},{"start":{"line":75,"column":13},"end":{"line":77,"column":7}}],"line":73},"6":{"loc":{"start":{"line":86,"column":4},"end":{"line":86,"column":72}},"type":"cond-expr","locations":[{"start":{"line":86,"column":62},"end":{"line":86,"column":66}},{"start":{"line":86,"column":69},"end":{"line":86,"column":72}}],"line":86},"7":{"loc":{"start":{"line":86,"column":31},"end":{"line":86,"column":58}},"type":"binary-expr","locations":[{"start":{"line":86,"column":31},"end":{"line":86,"column":53}},{"start":{"line":86,"column":57},"end":{"line":86,"column":58}}],"line":86},"8":{"loc":{"start":{"line":88,"column":4},"end":{"line":88,"column":79}},"type":"cond-expr","locations":[{"start":{"line":88,"column":69},"end":{"line":88,"column":73}},{"start":{"line":88,"column":76},"end":{"line":88,"column":79}}],"line":88},"9":{"loc":{"start":{"line":88,"column":31},"end":{"line":88,"column":65}},"type":"binary-expr","locations":[{"start":{"line":88,"column":31},"end":{"line":88,"column":53}},{"start":{"line":88,"column":57},"end":{"line":88,"column":65}}],"line":88},"10":{"loc":{"start":{"line":102,"column":79},"end":{"line":102,"column":115}},"type":"binary-expr","locations":[{"start":{"line":102,"column":79},"end":{"line":102,"column":99}},{"start":{"line":102,"column":103},"end":{"line":102,"column":115}}],"line":102},"11":{"loc":{"start":{"line":134,"column":79},"end":{"line":134,"column":116}},"type":"binary-expr","locations":[{"start":{"line":134,"column":79},"end":{"line":134,"column":100}},{"start":{"line":134,"column":104},"end":{"line":134,"column":116}}],"line":134},"12":{"loc":{"start":{"line":166,"column":79},"end":{"line":166,"column":113}},"type":"binary-expr","locations":[{"start":{"line":166,"column":79},"end":{"line":166,"column":97}},{"start":{"line":166,"column":101},"end":{"line":166,"column":113}}],"line":166},"13":{"loc":{"start":{"line":198,"column":79},"end":{"line":198,"column":114}},"type":"binary-expr","locations":[{"start":{"line":198,"column":79},"end":{"line":198,"column":98}},{"start":{"line":198,"column":102},"end":{"line":198,"column":114}}],"line":198}},"s":{"0":1,"1":4,"2":4,"3":4,"4":4,"5":3,"6":3,"7":1,"8":1,"9":4,"10":3,"11":3,"12":3,"13":2,"14":4,"15":3,"16":3,"17":3,"18":4,"19":3,"20":3,"21":3,"22":4,"23":4,"24":4,"25":2,"26":4,"27":1,"28":2,"29":2,"30":4,"31":4,"32":4,"33":2,"34":4,"35":2,"36":4,"37":4,"38":4,"39":2,"40":1,"41":1,"42":4,"43":4,"44":4,"45":2,"46":4,"47":2,"48":4},"f":{"0":4,"1":3,"2":3,"3":3,"4":3,"5":4,"6":2,"7":1,"8":2,"9":2,"10":2,"11":4,"12":2,"13":2,"14":2},"b":{"0":[2,0],"1":[1,1],"2":[2,1],"3":[1,1],"4":[2,1],"5":[1,1],"6":[0,2],"7":[2,0],"8":[0,2],"9":[2,0],"10":[4,3],"11":[4,3],"12":[4,4],"13":[4,4]},"_coverageSchema":"1a1c01bbd47fc00a2c39e90264f33305004495a9","hash":"a72e6d6ae925245547191fbea3c788cafebcc2fc"}
}
