TN:
SF:src\components\Button.js
FN:4,(anonymous_0)
FNF:1
FNH:1
FNDA:2,(anonymous_0)
DA:4,1
DA:5,2
LF:2
LH:2
BRF:0
BRH:0
end_of_record
TN:
SF:src\components\Edit_form.jsx
FN:7,(anonymous_0)
FN:19,(anonymous_1)
FN:20,(anonymous_2)
FN:31,(anonymous_3)
FN:32,(anonymous_4)
FN:51,(anonymous_5)
FN:55,(anonymous_6)
FN:60,(anonymous_7)
FN:153,(anonymous_8)
FNF:9
FNH:5
FNDA:4,(anonymous_0)
FNDA:3,(anonymous_1)
FNDA:3,(anonymous_2)
FNDA:3,(anonymous_3)
FNDA:3,(anonymous_4)
FNDA:0,(anonymous_5)
FNDA:0,(anonymous_6)
FNDA:0,(anonymous_7)
FNDA:0,(anonymous_8)
DA:7,1
DA:8,4
DA:9,3
DA:10,3
DA:11,3
DA:17,3
DA:19,3
DA:20,3
DA:21,3
DA:22,3
DA:23,3
DA:28,3
DA:31,3
DA:32,3
DA:33,3
DA:34,3
DA:37,3
DA:38,1
DA:48,3
DA:51,3
DA:52,0
DA:55,3
DA:56,0
DA:59,0
DA:60,0
DA:62,0
DA:63,0
DA:64,0
DA:67,0
DA:69,0
DA:76,0
DA:77,0
DA:81,0
DA:82,0
DA:83,0
DA:84,0
DA:86,0
DA:87,0
DA:91,3
DA:92,3
DA:95,0
DA:154,0
LF:42
LH:23
BRDA:42,0,0,1
BRDA:42,0,1,1
BRDA:62,1,0,0
BRDA:62,1,1,0
BRDA:67,2,0,0
BRDA:67,2,1,0
BRDA:91,3,0,3
BRDA:91,3,1,0
BRF:8
BRH:3
end_of_record
TN:
SF:src\components\GlobalFooter.jsx
FN:3,(anonymous_0)
FNF:1
FNH:1
FNDA:2,(anonymous_0)
DA:3,3
DA:4,2
LF:2
LH:2
BRF:0
BRH:0
end_of_record
TN:
SF:src\components\GlobalHeader.jsx
FN:5,(anonymous_0)
FNF:1
FNH:1
FNDA:2,(anonymous_0)
DA:5,3
DA:6,2
LF:2
LH:2
BRF:0
BRH:0
end_of_record
TN:
SF:src\components\LoginForm.jsx
FN:8,(anonymous_0)
FN:13,(anonymous_1)
FN:17,(anonymous_2)
FN:21,(anonymous_3)
FNF:4
FNH:4
FNDA:10,(anonymous_0)
FNDA:2,(anonymous_1)
FNDA:2,(anonymous_2)
FNDA:2,(anonymous_3)
DA:8,2
DA:9,10
DA:10,10
DA:11,10
DA:13,10
DA:14,2
DA:17,10
DA:18,2
DA:21,10
DA:22,2
DA:24,2
DA:25,2
DA:33,1
DA:34,1
DA:35,1
DA:36,1
DA:38,1
DA:40,0
DA:47,2
DA:48,2
DA:51,10
LF:21
LH:20
BRDA:33,0,0,1
BRDA:33,0,1,0
BRF:2
BRH:1
end_of_record
TN:
SF:src\components\LoginPage.jsx
FN:7,(anonymous_0)
FNF:1
FNH:1
FNDA:1,(anonymous_0)
DA:7,1
DA:8,1
LF:2
LH:2
BRF:0
BRH:0
end_of_record
TN:
SF:src\components\Register_form.jsx
FN:6,(anonymous_0)
FN:17,(anonymous_1)
FN:22,(anonymous_2)
FN:26,(anonymous_3)
FN:53,(anonymous_4)
FN:115,(anonymous_5)
FNF:6
FNH:6
FNDA:15,(anonymous_0)
FNDA:17,(anonymous_1)
FNDA:10,(anonymous_2)
FNDA:2,(anonymous_3)
FNDA:2,(anonymous_4)
FNDA:30,(anonymous_5)
DA:6,1
DA:7,15
DA:8,15
DA:17,17
DA:22,15
DA:23,10
DA:26,15
DA:27,2
DA:29,2
DA:38,2
DA:39,2
DA:40,2
DA:44,1
DA:45,1
DA:46,1
DA:48,1
DA:51,15
DA:53,15
DA:54,2
DA:56,15
DA:116,30
LF:21
LH:21
BRF:0
BRH:0
end_of_record
